2024-07-23 11:26:35,750 - root - INFO - Epoch 0; loss: 23.10116958618164; CER: 1.5250487327575684; WER: 1.0; val_loss: 11.172425270080566; val_CER: 1.0; val_WER: 1.0
2024-07-23 11:27:55,958 - root - INFO - Epoch 1; loss: 10.859867095947266; CER: 1.0; WER: 1.0; val_loss: 10.883572578430176; val_CER: 1.0; val_WER: 1.0
2024-07-23 11:29:11,400 - root - INFO - Epoch 2; loss: 10.83293342590332; CER: 1.0; WER: 1.0; val_loss: 10.861809730529785; val_CER: 1.0; val_WER: 1.0
2024-07-23 11:30:25,913 - root - INFO - Epoch 3; loss: 10.830830574035645; CER: 1.0; WER: 1.0; val_loss: 10.870779037475586; val_CER: 1.0; val_WER: 1.0
2024-07-23 11:31:34,064 - root - INFO - Epoch 4; loss: 10.82693099975586; CER: 1.0; WER: 1.0; val_loss: 10.879937171936035; val_CER: 1.0; val_WER: 1.0
2024-07-23 11:32:41,069 - root - INFO - Epoch 5; loss: 10.821480751037598; CER: 1.0; WER: 1.0; val_loss: 10.913886070251465; val_CER: 1.0; val_WER: 1.0
2024-07-23 11:33:48,233 - root - INFO - Epoch 6; loss: 10.8120698928833; CER: 1.0; WER: 1.0; val_loss: 10.89641284942627; val_CER: 1.0; val_WER: 1.0
2024-07-23 11:34:57,934 - root - INFO - Epoch 7; loss: 10.812854766845703; CER: 1.0; WER: 1.0; val_loss: 10.905563354492188; val_CER: 1.0; val_WER: 1.0
2024-07-23 11:36:20,615 - root - INFO - Epoch 8; loss: 10.80726432800293; CER: 1.0; WER: 1.0; val_loss: 10.914544105529785; val_CER: 1.0; val_WER: 1.0
2024-07-23 11:37:33,926 - root - INFO - Epoch 9; loss: 10.8009614944458; CER: 1.0; WER: 1.0; val_loss: 10.920992851257324; val_CER: 1.0; val_WER: 1.0
2024-07-23 11:38:45,119 - root - INFO - Epoch 10; loss: 10.793564796447754; CER: 1.0; WER: 1.0; val_loss: 10.907912254333496; val_CER: 1.0; val_WER: 1.0
2024-07-23 11:39:53,376 - root - INFO - Epoch 11; loss: 10.782551765441895; CER: 1.0; WER: 1.0; val_loss: 10.94872760772705; val_CER: 1.0; val_WER: 1.0
2024-07-23 11:41:01,251 - root - INFO - Epoch 12; loss: 10.764941215515137; CER: 1.0; WER: 1.0; val_loss: 10.9129638671875; val_CER: 1.0; val_WER: 1.0
2024-07-23 11:42:08,204 - root - INFO - Epoch 13; loss: 10.733267784118652; CER: 1.0; WER: 1.0; val_loss: 10.865057945251465; val_CER: 1.0; val_WER: 1.0
2024-07-23 11:43:15,479 - root - INFO - Epoch 14; loss: 10.693050384521484; CER: 0.998927891254425; WER: 1.0; val_loss: 10.875844955444336; val_CER: 0.9991227984428406; val_WER: 1.0
2024-07-23 11:44:22,800 - root - INFO - Epoch 15; loss: 10.613188743591309; CER: 0.9833333492279053; WER: 1.0; val_loss: 10.713630676269531; val_CER: 0.9964912533760071; val_WER: 1.0
2024-07-23 11:45:30,430 - root - INFO - Epoch 16; loss: 10.48540210723877; CER: 0.932748556137085; WER: 1.0; val_loss: 10.548784255981445; val_CER: 0.917543888092041; val_WER: 1.0
2024-07-23 11:46:42,155 - root - INFO - Epoch 17; loss: 10.224452018737793; CER: 0.8943469524383545; WER: 0.9996101260185242; val_loss: 10.164802551269531; val_CER: 0.8666666746139526; val_WER: 1.0
2024-07-23 11:47:49,382 - root - INFO - Epoch 18; loss: 9.821639060974121; CER: 0.8307017683982849; WER: 0.9996101260185242; val_loss: 9.367622375488281; val_CER: 0.7903508543968201; val_WER: 1.0
2024-07-23 11:49:06,953 - root - INFO - Epoch 19; loss: 9.210219383239746; CER: 0.7837231755256653; WER: 0.9992202520370483; val_loss: 8.698613166809082; val_CER: 0.777193009853363; val_WER: 0.9964912533760071
2024-07-23 11:50:29,909 - root - INFO - Epoch 20; loss: 8.352563858032227; CER: 0.7481481432914734; WER: 0.9957115054130554; val_loss: 7.743175983428955; val_CER: 0.722806990146637; val_WER: 0.9929824471473694
2024-07-23 11:52:07,979 - root - INFO - Epoch 21; loss: 7.699850559234619; CER: 0.698635458946228; WER: 0.9925925731658936; val_loss: 7.266350269317627; val_CER: 0.6631578803062439; val_WER: 0.9894737005233765
2024-07-23 11:53:35,562 - root - INFO - Epoch 22; loss: 7.119098663330078; CER: 0.6556529998779297; WER: 0.9859648942947388; val_loss: 7.150615692138672; val_CER: 0.659649133682251; val_WER: 0.9789473414421082
2024-07-23 11:55:02,804 - root - INFO - Epoch 23; loss: 6.409955024719238; CER: 0.5818713307380676; WER: 0.9699804782867432; val_loss: 7.137371063232422; val_CER: 0.6377192735671997; val_WER: 0.9789473414421082
2024-07-23 11:56:30,946 - root - INFO - Epoch 24; loss: 5.72593879699707; CER: 0.513060450553894; WER: 0.9461988210678101; val_loss: 6.922028064727783; val_CER: 0.6000000238418579; val_WER: 0.9754385948181152
2024-07-23 11:58:15,821 - root - INFO - Epoch 25; loss: 4.969625473022461; CER: 0.44054579734802246; WER: 0.9048733115196228; val_loss: 5.735274791717529; val_CER: 0.5149123072624207; val_WER: 0.9298245906829834
2024-07-23 11:59:43,555 - root - INFO - Epoch 26; loss: 4.324936389923096; CER: 0.3875243663787842; WER: 0.8502923846244812; val_loss: 4.949874401092529; val_CER: 0.44035089015960693; val_WER: 0.8842105269432068
2024-07-23 12:01:09,282 - root - INFO - Epoch 27; loss: 3.6548640727996826; CER: 0.320175439119339; WER: 0.7851851582527161; val_loss: 4.692824840545654; val_CER: 0.4008772075176239; val_WER: 0.8421052694320679
2024-07-23 12:02:38,761 - root - INFO - Epoch 28; loss: 3.1484806537628174; CER: 0.26520466804504395; WER: 0.7181286811828613; val_loss: 3.2652106285095215; val_CER: 0.29298245906829834; val_WER: 0.7543859481811523
2024-07-23 12:04:06,357 - root - INFO - Epoch 29; loss: 2.7235476970672607; CER: 0.2295321673154831; WER: 0.623781681060791; val_loss: 2.794201612472534; val_CER: 0.23596490919589996; val_WER: 0.6561403274536133
2024-07-23 12:05:41,046 - root - INFO - Epoch 30; loss: 2.1843600273132324; CER: 0.1768031120300293; WER: 0.5356724858283997; val_loss: 3.55472469329834; val_CER: 0.28421053290367126; val_WER: 0.7333333492279053
2024-07-23 12:07:09,880 - root - INFO - Epoch 31; loss: 1.8237988948822021; CER: 0.14532163739204407; WER: 0.4639376103878021; val_loss: 1.5582177639007568; val_CER: 0.12982456386089325; val_WER: 0.410526305437088
2024-07-23 12:08:47,198 - root - INFO - Epoch 32; loss: 1.4986317157745361; CER: 0.1127680316567421; WER: 0.376218318939209; val_loss: 1.3206233978271484; val_CER: 0.10000000149011612; val_WER: 0.34736841917037964
2024-07-23 12:10:17,193 - root - INFO - Epoch 33; loss: 1.2189418077468872; CER: 0.09122806787490845; WER: 0.3118908405303955; val_loss: 1.0686241388320923; val_CER: 0.08245614171028137; val_WER: 0.2912280559539795
2024-07-23 12:11:59,763 - root - INFO - Epoch 34; loss: 1.0420658588409424; CER: 0.0781676396727562; WER: 0.27251461148262024; val_loss: 0.6913419365882874; val_CER: 0.055263157933950424; val_WER: 0.20350876450538635
2024-07-23 12:13:20,280 - root - INFO - Epoch 35; loss: 0.996256947517395; CER: 0.07573099434375763; WER: 0.2666666805744171; val_loss: 0.7816867828369141; val_CER: 0.051754385232925415; val_WER: 0.1894736886024475
2024-07-23 12:14:33,607 - root - INFO - Epoch 36; loss: 0.8033137321472168; CER: 0.06101364642381668; WER: 0.22261208295822144; val_loss: 0.8811390399932861; val_CER: 0.06228070333600044; val_WER: 0.23859648406505585
2024-07-23 12:15:48,546 - root - INFO - Epoch 37; loss: 0.7164487242698669; CER: 0.05360623821616173; WER: 0.19571150839328766; val_loss: 0.3648417294025421; val_CER: 0.02631578966975212; val_WER: 0.09824561327695847
2024-07-23 12:17:17,585 - root - INFO - Epoch 38; loss: 0.585051417350769; CER: 0.04239765927195549; WER: 0.15711501240730286; val_loss: 0.4528752565383911; val_CER: 0.031578946858644485; val_WER: 0.11929824203252792
2024-07-23 12:18:38,990 - root - INFO - Epoch 39; loss: 0.54225754737854; CER: 0.03840155899524689; WER: 0.1450292468070984; val_loss: 0.45958906412124634; val_CER: 0.03245614096522331; val_WER: 0.1122807040810585
2024-07-23 12:20:11,751 - root - INFO - Epoch 40; loss: 0.4879792034626007; CER: 0.03450292348861694; WER: 0.12865497171878815; val_loss: 0.3308989107608795; val_CER: 0.024561403319239616; val_WER: 0.09473684430122375
2024-07-23 12:21:47,564 - root - INFO - Epoch 41; loss: 0.4456101357936859; CER: 0.03352826461195946; WER: 0.12670564651489258; val_loss: 0.3052893579006195; val_CER: 0.017543859779834747; val_WER: 0.07017543911933899
2024-07-23 12:23:09,299 - root - INFO - Epoch 42; loss: 0.42399874329566956; CER: 0.030896686017513275; WER: 0.11656919866800308; val_loss: 0.28851327300071716; val_CER: 0.018421052023768425; val_WER: 0.07017543911933899
2024-07-23 12:24:36,324 - root - INFO - Epoch 43; loss: 0.3983384668827057; CER: 0.029532164335250854; WER: 0.11189083755016327; val_loss: 0.2519308626651764; val_CER: 0.015789473429322243; val_WER: 0.05614035204052925
2024-07-23 12:25:54,520 - root - INFO - Epoch 44; loss: 0.3579922318458557; CER: 0.025536062195897102; WER: 0.09824561327695847; val_loss: 0.213176429271698; val_CER: 0.01315789483487606; val_WER: 0.05263157933950424
2024-07-23 12:27:13,332 - root - INFO - Epoch 45; loss: 0.32379820942878723; CER: 0.024561403319239616; WER: 0.09512670338153839; val_loss: 0.18634402751922607; val_CER: 0.015789473429322243; val_WER: 0.05614035204052925
2024-07-23 12:28:30,844 - root - INFO - Epoch 46; loss: 0.2846946716308594; CER: 0.020467836409807205; WER: 0.07836257666349411; val_loss: 0.35427698493003845; val_CER: 0.028947368264198303; val_WER: 0.1122807040810585
2024-07-23 12:29:44,657 - root - INFO - Epoch 47; loss: 0.30675190687179565; CER: 0.02348927967250347; WER: 0.09161793440580368; val_loss: 0.18061089515686035; val_CER: 0.014035088010132313; val_WER: 0.05263157933950424
2024-07-23 12:30:59,760 - root - INFO - Epoch 48; loss: 0.2736213505268097; CER: 0.019883040338754654; WER: 0.07836257666349411; val_loss: 0.13626381754875183; val_CER: 0.014035088010132313; val_WER: 0.05263157933950424
2024-07-23 12:32:18,519 - root - INFO - Epoch 49; loss: 0.2556251883506775; CER: 0.0187134500592947; WER: 0.0725146234035492; val_loss: 0.1831946223974228; val_CER: 0.01315789483487606; val_WER: 0.045614033937454224
2024-07-23 12:33:35,612 - root - INFO - Epoch 50; loss: 0.21166673302650452; CER: 0.01656920090317726; WER: 0.06393761932849884; val_loss: 0.13483832776546478; val_CER: 0.010526316240429878; val_WER: 0.04210526496171951
2024-07-23 12:34:58,757 - root - INFO - Epoch 51; loss: 0.18956096470355988; CER: 0.013645224273204803; WER: 0.05224171653389931; val_loss: 0.12786389887332916; val_CER: 0.011403508484363556; val_WER: 0.045614033937454224
2024-07-23 12:36:22,443 - root - INFO - Epoch 52; loss: 0.21364134550094604; CER: 0.01608187146484852; WER: 0.061598438769578934; val_loss: 0.1129278615117073; val_CER: 0.008771929889917374; val_WER: 0.035087719559669495
2024-07-23 12:37:42,866 - root - INFO - Epoch 53; loss: 0.18652217090129852; CER: 0.013255360536277294; WER: 0.051072124391794205; val_loss: 0.15582533180713654; val_CER: 0.012280701659619808; val_WER: 0.04912280663847923
2024-07-23 12:39:01,660 - root - INFO - Epoch 54; loss: 0.14832326769828796; CER: 0.011013645678758621; WER: 0.04327485337853432; val_loss: 0.6104829907417297; val_CER: 0.038596492260694504; val_WER: 0.1473684161901474
2024-07-23 12:40:24,502 - root - INFO - Epoch 55; loss: 0.15154235064983368; CER: 0.011500975117087364; WER: 0.045614033937454224; val_loss: 0.09327729046344757; val_CER: 0.005263158120214939; val_WER: 0.021052632480859756
2024-07-23 12:41:47,098 - root - INFO - Epoch 56; loss: 0.15732236206531525; CER: 0.011111111380159855; WER: 0.04366471618413925; val_loss: 0.14205791056156158; val_CER: 0.009649123065173626; val_WER: 0.038596492260694504
2024-07-23 12:43:03,371 - root - INFO - Epoch 57; loss: 0.1528654843568802; CER: 0.010526316240429878; WER: 0.041325535625219345; val_loss: 0.1555866152048111; val_CER: 0.012280701659619808; val_WER: 0.04912280663847923
2024-07-23 12:44:19,507 - root - INFO - Epoch 58; loss: 0.16063392162322998; CER: 0.012573099695146084; WER: 0.0487329438328743; val_loss: 0.10823918133974075; val_CER: 0.009649123065173626; val_WER: 0.038596492260694504
2024-07-23 12:45:32,745 - root - INFO - Epoch 59; loss: 0.117488794028759; CER: 0.007407407276332378; WER: 0.02923976629972458; val_loss: 0.10740070044994354; val_CER: 0.008771929889917374; val_WER: 0.035087719559669495
2024-07-23 12:46:54,819 - root - INFO - Epoch 60; loss: 0.11013411730527878; CER: 0.007407407276332378; WER: 0.028070176020264626; val_loss: 0.1471737176179886; val_CER: 0.009649123065173626; val_WER: 0.038596492260694504
2024-07-23 12:48:09,339 - root - INFO - Epoch 61; loss: 0.1313464492559433; CER: 0.009844054467976093; WER: 0.038596492260694504; val_loss: 0.25834083557128906; val_CER: 0.021929824724793434; val_WER: 0.08421052992343903
2024-07-23 12:49:23,728 - root - INFO - Epoch 62; loss: 0.15789225697517395; CER: 0.01081871334463358; WER: 0.04249512776732445; val_loss: 0.12381638586521149; val_CER: 0.008771929889917374; val_WER: 0.035087719559669495
2024-07-23 12:50:37,853 - root - INFO - Epoch 63; loss: 0.10565248131752014; CER: 0.007407407276332378; WER: 0.029629629105329514; val_loss: 0.06893938779830933; val_CER: 0.005263158120214939; val_WER: 0.021052632480859756
2024-07-23 12:51:51,555 - root - INFO - Epoch 64; loss: 0.10687510669231415; CER: 0.007602339144796133; WER: 0.030019493773579597; val_loss: 0.10018851608037949; val_CER: 0.009649123065173626; val_WER: 0.038596492260694504
2024-07-23 12:53:03,243 - root - INFO - Epoch 65; loss: 0.10951866954565048; CER: 0.007699804846197367; WER: 0.02923976629972458; val_loss: 0.20449909567832947; val_CER: 0.01315789483487606; val_WER: 0.04912280663847923
2024-07-23 12:54:15,145 - root - INFO - Epoch 66; loss: 0.12019098550081253; CER: 0.00906432792544365; WER: 0.035087719559669495; val_loss: 0.1748070865869522; val_CER: 0.010526316240429878; val_WER: 0.038596492260694504
2024-07-23 12:55:27,128 - root - INFO - Epoch 67; loss: 0.12686768174171448; CER: 0.00935672502964735; WER: 0.03703703731298447; val_loss: 0.1705920249223709; val_CER: 0.009649123065173626; val_WER: 0.035087719559669495
2024-07-23 12:56:42,311 - root - INFO - Epoch 68; loss: 0.08455788344144821; CER: 0.006140350829809904; WER: 0.024561403319239616; val_loss: 0.15082475543022156; val_CER: 0.012280701659619808; val_WER: 0.045614033937454224
2024-07-23 12:57:54,884 - root - INFO - Epoch 69; loss: 0.09317081421613693; CER: 0.006237816996872425; WER: 0.024561403319239616; val_loss: 0.0741371139883995; val_CER: 0.004385964944958687; val_WER: 0.017543859779834747
2024-07-23 12:59:06,567 - root - INFO - Epoch 70; loss: 0.08141575008630753; CER: 0.006920077838003635; WER: 0.02768031135201454; val_loss: 0.11301888525485992; val_CER: 0.007894736714661121; val_WER: 0.031578946858644485
2024-07-23 13:00:18,799 - root - INFO - Epoch 71; loss: 0.09104712307453156; CER: 0.006725145969539881; WER: 0.026900583878159523; val_loss: 0.19918297231197357; val_CER: 0.01315789483487606; val_WER: 0.05263157933950424
2024-07-23 13:01:30,834 - root - INFO - Epoch 72; loss: 0.06857776641845703; CER: 0.004678362514823675; WER: 0.018323587253689766; val_loss: 1.7801406383514404; val_CER: 0.10087719559669495; val_WER: 0.3333333432674408
2024-07-23 13:02:42,754 - root - INFO - Epoch 73; loss: 0.08389642089605331; CER: 0.006920077838003635; WER: 0.026900583878159523; val_loss: 0.10741492360830307; val_CER: 0.007894736714661121; val_WER: 0.031578946858644485
2024-07-23 13:03:54,902 - root - INFO - Epoch 74; loss: 0.08693388849496841; CER: 0.006237816996872425; WER: 0.024561403319239616; val_loss: 0.0940522849559784; val_CER: 0.007894736714661121; val_WER: 0.031578946858644485
2024-07-23 13:05:07,242 - root - INFO - Epoch 75; loss: 0.0981207937002182; CER: 0.007309941574931145; WER: 0.028849901631474495; val_loss: 0.09432722628116608; val_CER: 0.005263158120214939; val_WER: 0.021052632480859756
2024-07-23 13:06:19,657 - root - INFO - Epoch 76; loss: 0.07126081734895706; CER: 0.0050682262517511845; WER: 0.020272905007004738; val_loss: 0.14990922808647156; val_CER: 0.011403508484363556; val_WER: 0.04210526496171951
2024-07-23 13:07:31,934 - root - INFO - Epoch 77; loss: 0.06987646967172623; CER: 0.0049707600846886635; WER: 0.019883040338754654; val_loss: 0.09041324257850647; val_CER: 0.007017544005066156; val_WER: 0.028070176020264626
2024-07-23 13:08:43,888 - root - INFO - Epoch 78; loss: 0.09851213544607162; CER: 0.006432748399674892; WER: 0.025341130793094635; val_loss: 0.1320062130689621; val_CER: 0.007017544005066156; val_WER: 0.028070176020264626
2024-07-23 13:09:55,899 - root - INFO - Epoch 79; loss: 0.06544359773397446; CER: 0.0039961012080311775; WER: 0.015204678289592266; val_loss: 0.2734126150608063; val_CER: 0.01666666753590107; val_WER: 0.05964912101626396
2024-07-23 13:11:13,369 - root - INFO - Epoch 80; loss: 0.08774421364068985; CER: 0.007212475407868624; WER: 0.02846003882586956; val_loss: 0.09058323502540588; val_CER: 0.005263158120214939; val_WER: 0.021052632480859756
2024-07-23 13:12:39,113 - root - INFO - Epoch 81; loss: 0.09085848927497864; CER: 0.006725145969539881; WER: 0.02651072107255459; val_loss: 0.07766353338956833; val_CER: 0.004385964944958687; val_WER: 0.017543859779834747
2024-07-23 13:14:10,630 - root - INFO - Epoch 82; loss: 0.07896305620670319; CER: 0.0050682262517511845; WER: 0.020272905007004738; val_loss: 0.08489855378866196; val_CER: 0.006140350829809904; val_WER: 0.024561403319239616
2024-07-23 13:15:27,640 - root - INFO - Epoch 83; loss: 0.0696922317147255; CER: 0.00487329438328743; WER: 0.019103314727544785; val_loss: 0.07173429429531097; val_CER: 0.006140350829809904; val_WER: 0.024561403319239616
2024-07-23 13:16:46,026 - root - INFO - Epoch 84; loss: 0.057294487953186035; CER: 0.0040935673750936985; WER: 0.01598440483212471; val_loss: 0.13101202249526978; val_CER: 0.008771929889917374; val_WER: 0.035087719559669495
2024-07-23 13:18:04,950 - root - INFO - Epoch 85; loss: 0.06432636827230453; CER: 0.00487329438328743; WER: 0.01949317753314972; val_loss: 0.10008597373962402; val_CER: 0.006140350829809904; val_WER: 0.024561403319239616
2024-07-23 13:19:17,472 - root - INFO - Epoch 86; loss: 0.05221731960773468; CER: 0.003703703638166189; WER: 0.014035088010132313; val_loss: 0.15432816743850708; val_CER: 0.011403508484363556; val_WER: 0.04210526496171951
2024-07-23 13:20:30,084 - root - INFO - Epoch 87; loss: 0.06967272609472275; CER: 0.0045808968134224415; WER: 0.018323587253689766; val_loss: 0.09526228904724121; val_CER: 0.006140350829809904; val_WER: 0.024561403319239616
2024-07-23 13:21:44,037 - root - INFO - Epoch 88; loss: 0.07771578431129456; CER: 0.005360623821616173; WER: 0.021052632480859756; val_loss: 0.09030662477016449; val_CER: 0.005263158120214939; val_WER: 0.021052632480859756
2024-07-23 13:22:57,025 - root - INFO - Epoch 89; loss: 0.06040652096271515; CER: 0.0040935673750936985; WER: 0.016374269500374794; val_loss: 0.074549600481987; val_CER: 0.006140350829809904; val_WER: 0.024561403319239616
2024-07-23 13:24:09,883 - root - INFO - Epoch 90; loss: 0.06253083795309067; CER: 0.004385964944958687; WER: 0.017153996974229813; val_loss: 0.08616217970848083; val_CER: 0.005263158120214939; val_WER: 0.021052632480859756
2024-07-23 13:25:24,212 - root - INFO - Epoch 91; loss: 0.04261409863829613; CER: 0.003508772002533078; WER: 0.014035088010132313; val_loss: 0.05109172314405441; val_CER: 0.001754386001266539; val_WER: 0.007017544005066156
2024-07-23 13:26:37,575 - root - INFO - Epoch 92; loss: 0.028515905141830444; CER: 0.0022417153231799603; WER: 0.008966861292719841; val_loss: 0.03754403069615364; val_CER: 0.0026315790601074696; val_WER: 0.010526316240429878
2024-07-23 13:27:50,509 - root - INFO - Epoch 93; loss: 0.04250313714146614; CER: 0.0026315790601074696; WER: 0.010526316240429878; val_loss: 0.1002625972032547; val_CER: 0.004385964944958687; val_WER: 0.017543859779834747
2024-07-23 13:29:02,929 - root - INFO - Epoch 94; loss: 0.059138230979442596; CER: 0.0040935673750936985; WER: 0.016374269500374794; val_loss: 0.06807246059179306; val_CER: 0.003508772002533078; val_WER: 0.014035088010132313
2024-07-23 13:30:16,632 - root - INFO - Epoch 95; loss: 0.05048756301403046; CER: 0.0038011695723980665; WER: 0.014814814552664757; val_loss: 0.14425407350063324; val_CER: 0.007017544005066156; val_WER: 0.028070176020264626
2024-07-23 13:31:27,863 - root - INFO - Epoch 96; loss: 0.08005937933921814; CER: 0.005750487558543682; WER: 0.02222222276031971; val_loss: 0.0860695019364357; val_CER: 0.007017544005066156; val_WER: 0.028070176020264626
2024-07-23 13:32:37,339 - root - INFO - Epoch 97; loss: 0.051698192954063416; CER: 0.003508772002533078; WER: 0.014035088010132313; val_loss: 0.08913808315992355; val_CER: 0.005263158120214939; val_WER: 0.021052632480859756
2024-07-23 13:33:47,018 - root - INFO - Epoch 98; loss: 0.04017290472984314; CER: 0.0026315790601074696; WER: 0.010526316240429878; val_loss: 0.07615821063518524; val_CER: 0.006140350829809904; val_WER: 0.024561403319239616
2024-07-23 13:34:58,978 - root - INFO - Epoch 99; loss: 0.030617261305451393; CER: 0.0023391812574118376; WER: 0.00935672502964735; val_loss: 0.08764629065990448; val_CER: 0.007894736714661121; val_WER: 0.031578946858644485
2024-07-23 13:36:11,994 - root - INFO - Epoch 100; loss: 0.0402698889374733; CER: 0.003216374199837446; WER: 0.01247563399374485; val_loss: 0.09848835319280624; val_CER: 0.007017544005066156; val_WER: 0.028070176020264626
2024-07-23 13:37:22,733 - root - INFO - Epoch 101; loss: 0.04450523108243942; CER: 0.003216374199837446; WER: 0.012865496799349785; val_loss: 0.09880431741476059; val_CER: 0.007017544005066156; val_WER: 0.028070176020264626
2024-07-23 13:38:32,322 - root - INFO - Epoch 102; loss: 0.054538242518901825; CER: 0.0040935673750936985; WER: 0.016374269500374794; val_loss: 0.0647621601819992; val_CER: 0.006140350829809904; val_WER: 0.024561403319239616
2024-07-23 13:39:41,612 - root - INFO - Epoch 103; loss: 0.04206179082393646; CER: 0.0025341131258755922; WER: 0.010136452503502369; val_loss: 0.15050849318504333; val_CER: 0.007894736714661121; val_WER: 0.028070176020264626
2024-07-23 13:40:51,873 - root - INFO - Epoch 104; loss: 0.05001403018832207; CER: 0.0028265106957405806; WER: 0.011306042782962322; val_loss: 0.11794830113649368; val_CER: 0.007017544005066156; val_WER: 0.028070176020264626
2024-07-23 13:42:01,857 - root - INFO - Epoch 105; loss: 0.05888265743851662; CER: 0.003703703638166189; WER: 0.014424950815737247; val_loss: 0.10057058185338974; val_CER: 0.006140350829809904; val_WER: 0.024561403319239616
2024-07-23 13:43:11,686 - root - INFO - Epoch 106; loss: 0.04917386174201965; CER: 0.003703703638166189; WER: 0.014814814552664757; val_loss: 0.14365506172180176; val_CER: 0.006140350829809904; val_WER: 0.024561403319239616
2024-07-23 13:44:21,233 - root - INFO - Epoch 107; loss: 0.03922305256128311; CER: 0.002923976629972458; WER: 0.011306042782962322; val_loss: 0.15654700994491577; val_CER: 0.007017544005066156; val_WER: 0.028070176020264626
2024-07-23 13:45:30,898 - root - INFO - Epoch 108; loss: 0.039313022047281265; CER: 0.0028265106957405806; WER: 0.011306042782962322; val_loss: 0.07451508939266205; val_CER: 0.005263158120214939; val_WER: 0.021052632480859756
2024-07-23 13:46:44,142 - root - INFO - Epoch 109; loss: 0.05471452698111534; CER: 0.0033138401340693235; WER: 0.013255360536277294; val_loss: 0.14446505904197693; val_CER: 0.008771929889917374; val_WER: 0.035087719559669495
2024-07-23 13:47:55,095 - root - INFO - Epoch 110; loss: 0.045694511383771896; CER: 0.003508772002533078; WER: 0.013645224273204803; val_loss: 0.09943325072526932; val_CER: 0.007894736714661121; val_WER: 0.031578946858644485
2024-07-23 13:49:05,429 - root - INFO - Epoch 111; loss: 0.047924019396305084; CER: 0.002923976629972458; WER: 0.011695906519889832; val_loss: 0.6329973340034485; val_CER: 0.04210526496171951; val_WER: 0.13684210181236267
2024-07-23 13:50:15,039 - root - INFO - Epoch 112; loss: 0.03823574632406235; CER: 0.0023391812574118376; WER: 0.00935672502964735; val_loss: 0.08339007943868637; val_CER: 0.006140350829809904; val_WER: 0.024561403319239616
2024-07-23 13:51:24,696 - root - INFO - Epoch 113; loss: 0.03093203902244568; CER: 0.0021442496217787266; WER: 0.008576998487114906; val_loss: 0.09387679398059845; val_CER: 0.008771929889917374; val_WER: 0.035087719559669495
2024-07-23 13:52:34,703 - root - INFO - Epoch 114; loss: 0.039936039596796036; CER: 0.0026315790601074696; WER: 0.010526316240429878; val_loss: 0.09998656809329987; val_CER: 0.007017544005066156; val_WER: 0.028070176020264626
2024-07-23 13:53:44,430 - root - INFO - Epoch 115; loss: 0.0436299704015255; CER: 0.0026315790601074696; WER: 0.010526316240429878; val_loss: 0.2988133132457733; val_CER: 0.019298246130347252; val_WER: 0.07719298452138901
2024-07-23 13:54:54,489 - root - INFO - Epoch 116; loss: 0.0330549031496048; CER: 0.001754386001266539; WER: 0.007017544005066156; val_loss: 0.2054140269756317; val_CER: 0.011403508484363556; val_WER: 0.045614033937454224
2024-07-23 13:56:04,797 - root - INFO - Epoch 117; loss: 0.037973642349243164; CER: 0.0022417153231799603; WER: 0.008966861292719841; val_loss: 0.09278305619955063; val_CER: 0.004385964944958687; val_WER: 0.017543859779834747
2024-07-23 13:57:15,578 - root - INFO - Epoch 118; loss: 0.03110283426940441; CER: 0.0022417153231799603; WER: 0.008966861292719841; val_loss: 0.04911903291940689; val_CER: 0.003508772002533078; val_WER: 0.014035088010132313
2024-07-23 13:58:25,889 - root - INFO - Epoch 119; loss: 0.03037848137319088; CER: 0.0021442496217787266; WER: 0.008576998487114906; val_loss: 0.10621614754199982; val_CER: 0.007894736714661121; val_WER: 0.031578946858644485
2024-07-23 13:59:35,977 - root - INFO - Epoch 120; loss: 0.03353714942932129; CER: 0.0022417153231799603; WER: 0.008966861292719841; val_loss: 0.08201969414949417; val_CER: 0.005263158120214939; val_WER: 0.021052632480859756
2024-07-23 14:00:46,103 - root - INFO - Epoch 121; loss: 0.026387367397546768; CER: 0.0018518518190830946; WER: 0.007407407276332378; val_loss: 0.08701328933238983; val_CER: 0.007017544005066156; val_WER: 0.028070176020264626
2024-07-23 14:02:01,883 - root - INFO - Epoch 122; loss: 0.025899698957800865; CER: 0.0015594542492181063; WER: 0.006237816996872425; val_loss: 0.04965655878186226; val_CER: 0.005263158120214939; val_WER: 0.021052632480859756
2024-07-23 14:03:18,199 - root - INFO - Epoch 123; loss: 0.023974422365427017; CER: 0.0013645223807543516; WER: 0.0054580895230174065; val_loss: 0.04055418074131012; val_CER: 0.0026315790601074696; val_WER: 0.010526316240429878
2024-07-23 14:04:31,185 - root - INFO - Epoch 124; loss: 0.025921249762177467; CER: 0.0021442496217787266; WER: 0.008576998487114906; val_loss: 0.3640578091144562; val_CER: 0.019298246130347252; val_WER: 0.0736842080950737
2024-07-23 14:05:43,443 - root - INFO - Epoch 125; loss: 0.0414009653031826; CER: 0.0028265106957405806; WER: 0.011306042782962322; val_loss: 0.07645367830991745; val_CER: 0.003508772002533078; val_WER: 0.014035088010132313
2024-07-23 14:06:53,497 - root - INFO - Epoch 126; loss: 0.034896738827228546; CER: 0.0022417153231799603; WER: 0.008966861292719841; val_loss: 0.07083740830421448; val_CER: 0.005263158120214939; val_WER: 0.021052632480859756
2024-07-23 14:08:03,181 - root - INFO - Epoch 127; loss: 0.029685458168387413; CER: 0.0023391812574118376; WER: 0.00935672502964735; val_loss: 0.09232011437416077; val_CER: 0.007894736714661121; val_WER: 0.031578946858644485
2024-07-23 14:09:13,567 - root - INFO - Epoch 128; loss: 0.024161918088793755; CER: 0.0016569200670346618; WER: 0.006627680268138647; val_loss: 0.06649722903966904; val_CER: 0.005263158120214939; val_WER: 0.021052632480859756
2024-07-23 14:10:37,946 - root - INFO - Epoch 129; loss: 0.049842894077301025; CER: 0.003021442564204335; WER: 0.01208577025681734; val_loss: 0.13155093789100647; val_CER: 0.008771929889917374; val_WER: 0.035087719559669495
2024-07-23 14:12:11,423 - root - INFO - Epoch 130; loss: 0.040085773915052414; CER: 0.0026315790601074696; WER: 0.010526316240429878; val_loss: 0.058345139026641846; val_CER: 0.004385964944958687; val_WER: 0.017543859779834747
2024-07-23 14:13:56,477 - root - INFO - Epoch 131; loss: 0.028959207236766815; CER: 0.0020467836875468493; WER: 0.007797271013259888; val_loss: 0.07081502676010132; val_CER: 0.005263158120214939; val_WER: 0.021052632480859756
2024-07-23 14:15:37,854 - root - INFO - Epoch 132; loss: 0.03063596971333027; CER: 0.0018518518190830946; WER: 0.007407407276332378; val_loss: 0.40136370062828064; val_CER: 0.028070176020264626; val_WER: 0.10526315867900848
2024-07-23 14:17:57,384 - root - INFO - Epoch 133; loss: 0.019148411229252815; CER: 0.0010721248108893633; WER: 0.004288499243557453; val_loss: 0.04642016440629959; val_CER: 0.005263158120214939; val_WER: 0.021052632480859756
2024-07-23 14:20:00,112 - root - INFO - Epoch 134; loss: 0.029699714854359627; CER: 0.0025341131258755922; WER: 0.00974658876657486; val_loss: 0.08404318988323212; val_CER: 0.006140350829809904; val_WER: 0.024561403319239616
2024-07-23 14:21:59,864 - root - INFO - Epoch 135; loss: 0.03504374250769615; CER: 0.0021442496217787266; WER: 0.008187134750187397; val_loss: 0.15611064434051514; val_CER: 0.010526316240429878; val_WER: 0.038596492260694504
2024-07-23 14:24:00,193 - root - INFO - Epoch 136; loss: 0.03341784328222275; CER: 0.002436647191643715; WER: 0.00974658876657486; val_loss: 0.036680907011032104; val_CER: 0.0026315790601074696; val_WER: 0.010526316240429878
2024-07-23 14:26:01,934 - root - INFO - Epoch 137; loss: 0.025329066440463066; CER: 0.0015594542492181063; WER: 0.006237816996872425; val_loss: 0.07690858840942383; val_CER: 0.006140350829809904; val_WER: 0.024561403319239616
2024-07-23 14:27:39,586 - root - INFO - Epoch 138; loss: 0.03248441219329834; CER: 0.0023391812574118376; WER: 0.00935672502964735; val_loss: 0.0708751454949379; val_CER: 0.004385964944958687; val_WER: 0.017543859779834747
2024-07-23 14:29:20,273 - root - INFO - Epoch 139; loss: 0.02328742854297161; CER: 0.0016569200670346618; WER: 0.006237816996872425; val_loss: 0.08659583330154419; val_CER: 0.007017544005066156; val_WER: 0.028070176020264626
2024-07-23 14:31:08,192 - root - INFO - Epoch 140; loss: 0.02344411611557007; CER: 0.0016569200670346618; WER: 0.006627680268138647; val_loss: 0.03889632597565651; val_CER: 0.0026315790601074696; val_WER: 0.010526316240429878
2024-07-23 14:32:56,586 - root - INFO - Epoch 141; loss: 0.033913593739271164; CER: 0.0027290447615087032; WER: 0.010916179046034813; val_loss: 0.07597225904464722; val_CER: 0.005263158120214939; val_WER: 0.021052632480859756
2024-07-23 14:33:04,822 - tf2onnx.tfonnx - INFO - Using tensorflow=2.10.1, onnx=1.12.0, tf2onnx=1.14.0/8f8d49
2024-07-23 14:33:04,824 - tf2onnx.tfonnx - INFO - Using opset <onnx, 15>
2024-07-23 14:33:05,400 - tf2onnx.tf_utils - INFO - Computed 0 values for constant folding
2024-07-23 14:33:05,420 - tf2onnx.tf_utils - INFO - Computed 0 values for constant folding
2024-07-23 14:33:05,440 - tf2onnx.tf_utils - INFO - Computed 0 values for constant folding
2024-07-23 14:33:05,491 - tf2onnx.tf_utils - INFO - Computed 0 values for constant folding
2024-07-23 14:33:05,779 - tf2onnx.tf_utils - INFO - Computed 2 values for constant folding
2024-07-23 14:33:06,433 - tf2onnx.tfonnx - INFO - folding node using tf type=StridedSlice, name=model/bidirectional/forward_lstm/PartitionedCall/strided_slice
2024-07-23 14:33:06,436 - tf2onnx.tfonnx - INFO - folding node using tf type=StridedSlice, name=model/bidirectional/backward_lstm/PartitionedCall/strided_slice
2024-07-23 14:33:08,838 - tf2onnx.optimizer - INFO - Optimizing ONNX model
2024-07-23 14:33:14,147 - tf2onnx.optimizer - INFO - After optimization: BatchNormalization -18 (18->0), Cast -4 (11->7), Concat -4 (10->6), Const -128 (194->66), Expand -3 (4->1), Gather +2 (2->4), Identity -2 (2->0), Shape -1 (4->3), Slice -1 (5->4), Squeeze -3 (5->2), Transpose -83 (87->4), Unsqueeze -14 (17->3)
